<?xml version="1.0" encoding="UTF-8"?>
<!-- Generated by org.testng.reporters.JUnitReportReporter -->
<testsuite hostname="DESKTOP-U43NNUI" failures="0" tests="1" name="Project.End2End.SearchTestPractice" time="0.253" errors="0" timestamp="2022-07-25T02:16:40 IST" skipped="0">
  <testcase classname="Project.End2End.SearchTestPractice" name="SearchButton" time="0.253"/>
  <system-out/>
</testsuite> <!-- Project.End2End.SearchTestPractice -->
