<?xml version="1.0" encoding="UTF-8"?>
<!-- Generated by org.testng.reporters.JUnitReportReporter -->
<testsuite hostname="DESKTOP-U43NNUI" failures="0" tests="2" name="Project.End2End.Login" time="29.448" errors="0" timestamp="2022-08-25T11:22:16 IST" skipped="0">
  <testcase classname="Project.End2End.Login" name="VerifyLogin" time="14.238"/>
  <system-out/>
  <testcase classname="Project.End2End.Login" name="VerifyLogin" time="15.210"/>
  <system-out/>
</testsuite> <!-- Project.End2End.Login -->
