<?xml version="1.0" encoding="UTF-8"?>
<!-- Generated by org.testng.reporters.JUnitReportReporter -->
<testsuite hostname="DESKTOP-U43NNUI" failures="0" tests="2" name="Project.End2End.Login" time="81.716" errors="0" timestamp="2022-07-28T11:41:55 IST" skipped="0">
  <testcase classname="Project.End2End.Login" name="Login" time="47.425"/>
  <system-out/>
  <testcase classname="Project.End2End.Login" name="Login" time="34.291"/>
  <system-out/>
</testsuite> <!-- Project.End2End.Login -->
