<?xml version="1.0" encoding="UTF-8"?>
<!-- Generated by org.testng.reporters.JUnitReportReporter -->
<testsuite hostname="DESKTOP-U43NNUI" failures="0" tests="1" name="Project.End2End.SearchTestPractice" time="0.158" errors="0" timestamp="2022-07-24T01:30:21 IST" skipped="0">
  <testcase classname="Project.End2End.SearchTestPractice" name="SearchButton" time="0.158"/>
  <system-out/>
</testsuite> <!-- Project.End2End.SearchTestPractice -->
