<?xml version="1.0" encoding="UTF-8"?>
<!-- Generated by org.testng.reporters.JUnitReportReporter -->
<testsuite hostname="DESKTOP-U43NNUI" failures="0" tests="2" name="Project.End2End.Login" time="29.788" errors="0" timestamp="2022-08-25T00:14:15 IST" skipped="0">
  <testcase classname="Project.End2End.Login" name="VerifyLogin" time="13.906"/>
  <system-out/>
  <testcase classname="Project.End2End.Login" name="VerifyLogin" time="15.882"/>
  <system-out/>
</testsuite> <!-- Project.End2End.Login -->
