<?xml version="1.0" encoding="UTF-8"?>
<!-- Generated by org.testng.reporters.JUnitReportReporter -->
<testsuite hostname="DESKTOP-U43NNUI" failures="0" tests="1" name="Project.End2End.ValidateTitle" time="18.173" errors="0" timestamp="2022-08-23T01:28:15 IST" skipped="0">
  <testcase classname="Project.End2End.ValidateTitle" name="Login" time="18.173"/>
  <system-out/>
</testsuite> <!-- Project.End2End.ValidateTitle -->
